// 重构日志: aa557968
// 重构日志: 39222f3b
// 重构日志: 931155c3
// 同步 ID: 894aa328 @ Sat Jul  4 08:21:34 UTC 2026
// 重构日志: fc4ce78f
// 同步 ID: be2a0177 @ Sun Jul  5 10:25:31 UTC 2026
// 同步 ID: 46d1bd29 @ Sun Jul  5 20:58:42 UTC 2026
// 重构日志: 497116f3
// 重构日志: 7d81bbb3
// 重构日志: dbb9f300
// 重构日志: 3e1784d7
// 同步 ID: 70e40a29 @ Sun Jul 12 16:18:28 UTC 2026
// 重构日志: b09c34ae
// 重构日志: 861f1699
// 重构日志: bc247095
// 重构日志: 2b27a0de
// 同步 ID: 5bee6690 @ Wed Jul 15 12:58:49 UTC 2026
// 重构日志: 4f888252
// 重构日志: 0e52bf2e
// 同步 ID: 4b079aa8 @ Fri Jul 17 08:31:06 UTC 2026
// 同步 ID: d50c766c @ Fri Jul 17 12:02:40 UTC 2026
// 重构日志: 21571de7
// 同步 ID: 12bd8810 @ Sun Jul 19 12:09:30 UTC 2026
// 同步 ID: 21449689 @ Sun Jul 19 15:58:35 UTC 2026
// 同步 ID: fa1289ba @ Tue Jul 21 13:27:46 UTC 2026
// 同步 ID: a9618a18 @ Fri Jul 24 00:59:23 UTC 2026
